TN:
SF:compaction-guard.ts
FN:5,armCompactionGuard
FN:11,isCompactionGuardActive
FN:21,acknowledgeCompaction
FNF:3
FNH:3
FNDA:13,armCompactionGuard
FNDA:14,isCompactionGuardActive
FNDA:6,acknowledgeCompaction
DA:3,3
DA:6,13
DA:7,13
DA:8,13
DA:16,14
DA:17,13
DA:18,9
DA:22,6
LF:8
LH:8
BRDA:5,0,0,13
BRDA:13,1,0,14
BRDA:14,2,0,14
BRDA:16,3,0,1
BRDA:16,3,1,13
BRDA:17,4,0,4
BRDA:17,4,1,9
BRDA:21,5,0,6
BRF:8
BRH:8
end_of_record
TN:
SF:compile-guard.ts
FN:61,textFromProcessBuffer
FN:67,parseNumber
FN:73,makeResult
FN:74,(anonymous_3)
FN:75,(anonymous_4)
FN:79,checkAndFixCompile
FN:86,(anonymous_6)
FN:113,runCompile
FN:134,parseCompileErrors
FN:161,buildFixPrompt
FN:162,(anonymous_10)
FNF:11
FNH:11
FNDA:10,textFromProcessBuffer
FNDA:32,parseNumber
FNDA:4,makeResult
FNDA:6,(anonymous_3)
FNDA:6,(anonymous_4)
FNDA:4,checkAndFixCompile
FNDA:6,(anonymous_6)
FNDA:7,runCompile
FNDA:8,parseCompileErrors
FNDA:2,buildFixPrompt
FNDA:2,(anonymous_10)
DA:1,2
DA:58,2
DA:59,2
DA:62,10
DA:63,2
DA:64,1
DA:68,32
DA:69,32
DA:70,32
DA:74,6
DA:75,6
DA:76,4
DA:84,4
DA:85,4
DA:86,6
DA:88,4
DA:89,3
DA:90,1
DA:95,1
DA:98,2
DA:99,4
DA:100,1
DA:101,1
DA:104,1
DA:109,1
DA:110,1
DA:114,7
DA:115,7
DA:116,7
DA:121,7
DA:123,5
DA:124,5
DA:135,8
DA:136,8
DA:137,8
DA:138,8
DA:140,8
DA:141,16
DA:142,16
DA:143,16
DA:151,16
DA:152,16
DA:153,15
DA:154,15
DA:158,8
DA:162,2
DA:163,2
DA:164,2
DA:165,2
DA:168,2
LF:50
LH:50
BRDA:62,0,0,8
BRDA:62,0,1,2
BRDA:63,1,0,1
BRDA:63,1,1,1
BRDA:63,2,0,2
BRDA:63,2,1,1
BRDA:63,2,2,1
BRDA:68,3,0,0
BRDA:68,3,1,32
BRDA:70,4,0,32
BRDA:70,4,1,0
BRDA:88,5,0,1
BRDA:88,5,1,3
BRDA:89,6,0,1
BRDA:89,6,1,2
BRDA:99,7,0,1
BRDA:99,7,1,3
BRDA:105,8,0,1
BRDA:105,8,1,0
BRDA:107,9,0,4
BRDA:107,9,1,0
BRDA:127,10,0,5
BRDA:127,10,1,0
BRDA:141,11,0,16
BRDA:141,11,1,0
BRDA:142,12,0,7
BRDA:142,12,1,9
BRDA:144,13,0,16
BRDA:144,13,1,0
BRDA:145,14,0,16
BRDA:145,14,1,3
BRDA:146,15,0,16
BRDA:146,15,1,3
BRDA:148,16,0,16
BRDA:148,16,1,0
BRDA:151,17,0,16
BRDA:151,17,1,0
BRDA:151,18,0,16
BRDA:151,18,1,0
BRDA:151,19,0,16
BRDA:151,19,1,0
BRDA:152,20,0,15
BRDA:152,20,1,1
BRDA:163,21,0,2
BRDA:163,21,1,0
BRDA:164,22,0,2
BRDA:164,22,1,0
BRDA:164,23,0,2
BRDA:164,23,1,0
BRF:49
BRH:35
end_of_record
TN:
SF:continuation-injector.ts
FN:33,resolveMaxContinuations
FN:37,resolveTargetAmbiguity
FN:41,getOrCreateState
FN:50,resetSession
FN:54,getContinuationCount
FN:58,canContinue
FN:63,formatNextAction
FN:85,formatMaxReachedMessage
FN:90,decideContinuation
FN:136,getSessionSummary
FN:149,canInjectContinuation
FN:155,buildPromptParts
FN:159,injectContinuation
FN:195,injectAppendPrompt
FNF:14
FNH:14
FNDA:21,resolveMaxContinuations
FNDA:19,resolveTargetAmbiguity
FNDA:25,getOrCreateState
FNDA:27,resetSession
FNDA:2,getContinuationCount
FNDA:3,canContinue
FNDA:21,formatNextAction
FNDA:2,formatMaxReachedMessage
FNDA:19,decideContinuation
FNDA:1,getSessionSummary
FNDA:8,canInjectContinuation
FNDA:3,buildPromptParts
FNDA:4,injectContinuation
FNDA:2,injectAppendPrompt
DA:26,2
DA:27,2
DA:28,2
DA:29,2
DA:31,2
DA:34,21
DA:38,19
DA:42,25
DA:43,25
DA:44,10
DA:45,10
DA:47,25
DA:51,27
DA:55,2
DA:59,3
DA:60,3
DA:64,21
DA:65,1
DA:68,20
DA:70,20
DA:71,2
DA:72,18
DA:73,15
DA:75,3
DA:78,20
DA:79,19
DA:82,20
DA:86,2
DA:87,2
DA:99,19
DA:101,19
DA:102,2
DA:109,17
DA:110,1
DA:117,16
DA:118,1
DA:125,15
DA:126,15
DA:127,15
DA:129,15
DA:141,1
DA:142,1
DA:150,8
DA:151,6
DA:152,5
DA:156,3
DA:165,4
DA:166,4
DA:168,3
DA:169,4
DA:170,1
DA:171,1
DA:172,1
DA:175,2
DA:176,2
DA:177,2
DA:182,1
DA:183,1
DA:184,1
DA:185,1
DA:186,1
DA:188,1
DA:189,1
DA:190,1
DA:191,1
DA:199,2
DA:200,2
DA:201,2
DA:203,1
DA:204,1
LF:70
LH:70
BRDA:34,0,0,21
BRDA:34,0,1,1
BRDA:38,1,0,19
BRDA:38,1,1,0
BRDA:43,2,0,10
BRDA:43,2,1,15
BRDA:64,3,0,1
BRDA:64,3,1,20
BRDA:70,4,0,2
BRDA:70,4,1,18
BRDA:72,5,0,15
BRDA:72,5,1,3
BRDA:78,6,0,19
BRDA:78,6,1,1
BRDA:101,7,0,2
BRDA:101,7,1,17
BRDA:109,8,0,1
BRDA:109,8,1,16
BRDA:117,9,0,1
BRDA:117,9,1,15
BRDA:149,10,0,8
BRDA:150,11,0,2
BRDA:150,11,1,6
BRDA:151,12,0,1
BRDA:151,12,1,5
BRDA:166,13,0,1
BRDA:166,13,1,3
BRDA:169,14,0,1
BRDA:169,14,1,3
BRDA:201,15,0,1
BRDA:201,15,1,1
BRF:31
BRH:30
end_of_record
TN:
SF:continuation-state-client.ts
FN:22,defaultState
FN:38,readContinuationState
FN:49,writeContinuationState
FN:61,updateContinuationState
FNF:4
FNH:4
FNDA:4,defaultState
FNDA:6,readContinuationState
FNDA:3,writeContinuationState
FNDA:1,updateContinuationState
DA:20,8
DA:23,4
DA:39,6
DA:41,6
DA:42,6
DA:43,6
DA:45,4
DA:50,3
DA:51,3
DA:53,3
DA:54,1
DA:57,3
DA:58,3
DA:65,1
DA:66,1
DA:67,1
DA:68,1
LF:17
LH:17
BRDA:53,0,0,1
BRDA:53,0,1,2
BRF:2
BRH:2
end_of_record
TN:
SF:error-recovery.ts
FN:29,createEmptyCounts
FN:40,normalizeMessage
FN:58,(anonymous_2)
FN:65,includesAny
FN:66,(anonymous_4)
FN:69,classifyError
FN:100,clamp
FN:104,getBackoffDelayMs
FN:121,handleRateLimit
FN:125,createRecoveryState
FN:133,updateRecoveryState
FN:140,handlePromptAsyncError
FNF:12
FNH:12
FNDA:10,createEmptyCounts
FNDA:49,normalizeMessage
FNDA:20,(anonymous_2)
FNDA:164,includesAny
FNDA:603,(anonymous_4)
FNDA:49,classifyError
FNDA:18,clamp
FNDA:21,getBackoffDelayMs
FNDA:5,handleRateLimit
FNDA:10,createRecoveryState
FNDA:20,updateRecoveryState
FNDA:20,handlePromptAsyncError
DA:30,10
DA:41,49
DA:42,32
DA:45,17
DA:46,6
DA:47,6
DA:50,11
DA:51,10
DA:52,10
DA:57,10
DA:58,20
DA:59,10
DA:62,1
DA:66,603
DA:70,49
DA:71,49
DA:73,49
DA:74,9
DA:77,40
DA:78,9
DA:81,31
DA:82,4
DA:85,27
DA:86,3
DA:89,24
DA:94,16
DA:97,8
DA:101,18
DA:105,21
DA:107,21
DA:108,9
DA:111,12
DA:112,7
DA:113,3
DA:115,4
DA:118,5
DA:122,5
DA:126,10
DA:134,20
DA:135,20
DA:136,20
DA:137,20
DA:144,20
DA:145,20
DA:147,20
DA:149,3
DA:156,5
DA:158,1
DA:160,9
DA:161,7
DA:163,2
DA:170,2
DA:171,1
DA:173,1
LF:54
LH:54
BRDA:41,0,0,32
BRDA:41,0,1,17
BRDA:45,1,0,6
BRDA:45,1,1,11
BRDA:46,2,0,3
BRDA:46,2,1,3
BRDA:46,3,0,3
BRDA:46,3,1,0
BRDA:47,4,0,6
BRDA:47,4,1,0
BRDA:50,5,0,10
BRDA:50,5,1,1
BRDA:50,6,0,11
BRDA:50,6,1,10
BRDA:52,7,0,7
BRDA:52,7,1,3
BRDA:54,8,0,1
BRDA:54,8,1,2
BRDA:58,9,0,20
BRDA:58,9,1,7
BRDA:59,10,0,10
BRDA:59,10,1,5
BRDA:73,11,0,9
BRDA:73,11,1,40
BRDA:73,12,0,49
BRDA:73,12,1,47
BRDA:77,13,0,9
BRDA:77,13,1,31
BRDA:77,14,0,40
BRDA:77,14,1,36
BRDA:77,14,2,35
BRDA:81,15,0,4
BRDA:81,15,1,27
BRDA:85,16,0,3
BRDA:85,16,1,24
BRDA:89,17,0,16
BRDA:89,17,1,8
BRDA:90,18,0,24
BRDA:90,18,1,10
BRDA:90,18,2,9
BRDA:107,19,0,9
BRDA:107,19,1,12
BRDA:111,20,0,7
BRDA:111,20,1,5
BRDA:112,21,0,3
BRDA:112,21,1,4
BRDA:142,22,0,20
BRDA:147,23,0,3
BRDA:147,23,1,3
BRDA:147,23,2,5
BRDA:147,23,3,1
BRDA:147,23,4,9
BRDA:147,23,5,2
BRDA:147,23,6,2
BRDA:160,24,0,7
BRDA:160,24,1,2
BRDA:170,25,0,1
BRDA:170,25,1,1
BRF:58
BRH:56
end_of_record
TN:
SF:external-signal-integrator.ts
FN:53,createExternalSignalIntegrator
FN:57,persistRecord
FN:72,appendRecord
FN:82,getWindow
FN:86,getHealthScore
FN:90,(anonymous_5)
FN:94,shouldPauseForErrors
FN:98,(anonymous_7)
FN:102,getNextActionSuggestion
FN:104,(anonymous_9)
FN:110,(anonymous_10)
FN:114,(anonymous_11)
FN:120,(anonymous_12)
FN:131,(anonymous_13)
FN:140,(anonymous_14)
FN:149,(anonymous_15)
FN:155,(anonymous_16)
FN:156,(anonymous_17)
FN:159,(anonymous_18)
FNF:19
FNH:19
FNDA:37,createExternalSignalIntegrator
FNDA:66,persistRecord
FNDA:66,appendRecord
FNDA:27,getWindow
FNDA:10,getHealthScore
FNDA:11,(anonymous_5)
FNDA:2,shouldPauseForErrors
FNDA:3,(anonymous_7)
FNDA:15,getNextActionSuggestion
FNDA:9,(anonymous_9)
FNDA:7,(anonymous_10)
FNDA:4,(anonymous_11)
FNDA:4,(anonymous_12)
FNDA:4,(anonymous_13)
FNDA:2,(anonymous_14)
FNDA:60,(anonymous_15)
FNDA:7,(anonymous_16)
FNDA:1,(anonymous_17)
FNDA:1,(anonymous_18)
DA:50,9
DA:51,9
DA:54,37
DA:55,37
DA:58,66
DA:60,5
DA:61,5
DA:62,5
DA:63,4
DA:66,3
DA:67,3
DA:73,66
DA:75,66
DA:76,1
DA:79,66
DA:83,27
DA:87,10
DA:88,10
DA:90,11
DA:91,2
DA:95,2
DA:96,2
DA:98,3
DA:99,1
DA:103,15
DA:104,15
DA:106,15
DA:107,9
DA:110,7
DA:111,6
DA:112,3
DA:113,3
DA:114,4
DA:115,3
DA:120,4
DA:121,3
DA:122,1
DA:123,1
DA:126,2
DA:127,2
DA:130,37
DA:132,4
DA:141,2
DA:150,60
DA:155,7
DA:157,1
DA:160,1
DA:161,1
LF:48
LH:48
BRDA:55,0,0,22
BRDA:55,0,1,15
BRDA:58,1,0,61
BRDA:58,1,1,5
BRDA:62,2,0,4
BRDA:62,2,1,1
BRDA:75,3,0,1
BRDA:75,3,1,65
BRDA:82,4,0,27
BRDA:88,5,0,8
BRDA:88,5,1,2
BRDA:96,6,0,1
BRDA:96,6,1,1
BRDA:106,7,0,9
BRDA:106,7,1,6
BRDA:111,8,0,3
BRDA:111,8,1,3
BRDA:113,9,0,3
BRDA:113,9,1,0
BRDA:115,10,0,2
BRDA:115,10,1,1
BRDA:121,11,0,1
BRDA:121,11,1,2
BRDA:123,12,0,1
BRDA:123,12,1,0
BRDA:123,13,0,1
BRDA:123,13,1,0
BRDA:135,14,0,4
BRDA:135,14,1,3
BRDA:137,15,0,4
BRDA:137,15,1,4
BRDA:144,16,0,2
BRDA:144,16,1,2
BRDA:146,17,0,2
BRDA:146,17,1,2
BRDA:150,18,0,60
BRDA:150,18,1,60
BRF:37
BRH:34
end_of_record
TN:
SF:gateway-spawn.ts
FN:44,checkHealth
FN:58,resolveLuxBinary
FN:66,normalizePositiveNumber
FN:70,sleep
FN:71,(anonymous_4)
FN:80,ensureGatewayRunning
FNF:6
FNH:6
FNDA:12,checkHealth
FNDA:4,resolveLuxBinary
FNDA:12,normalizePositiveNumber
FNDA:6,sleep
FNDA:6,(anonymous_4)
FNDA:6,ensureGatewayRunning
DA:21,11
DA:22,11
DA:23,11
DA:45,12
DA:46,12
DA:47,12
DA:48,12
DA:50,0
DA:59,4
DA:63,4
DA:67,12
DA:71,6
DA:81,6
DA:82,6
DA:83,6
DA:84,6
DA:86,6
DA:87,6
DA:88,1
DA:89,1
DA:92,5
DA:93,6
DA:94,6
DA:98,6
DA:99,6
DA:100,6
DA:107,6
DA:108,6
DA:109,6
DA:111,0
DA:114,5
DA:115,5
DA:116,6
DA:117,6
DA:118,4
DA:119,4
DA:120,4
DA:124,1
DA:129,1
LF:39
LH:37
BRDA:63,0,0,4
BRDA:63,0,1,0
BRDA:67,1,0,10
BRDA:67,1,1,2
BRDA:67,2,0,12
BRDA:67,2,1,11
BRDA:67,2,2,11
BRDA:87,3,0,1
BRDA:87,3,1,5
BRDA:92,4,0,5
BRDA:92,4,1,4
BRDA:92,4,2,0
BRDA:93,5,0,6
BRDA:93,5,1,4
BRDA:117,6,0,4
BRDA:117,6,1,2
BRF:16
BRH:14
end_of_record
TN:
SF:glossary-manager.ts
FN:20,loadGlossary
FN:31,parseGlossaryTable
FN:50,(anonymous_2)
FN:51,(anonymous_3)
FN:66,termExists
FN:68,(anonymous_5)
FN:71,formatGlossaryEntry
FN:75,appendTerm
FN:98,updateGlossarySpec
FN:119,getAllTerms
FN:120,(anonymous_10)
FNF:11
FNH:11
FNDA:12,loadGlossary
FNDA:13,parseGlossaryTable
FNDA:78,(anonymous_2)
FNDA:78,(anonymous_3)
FNDA:7,termExists
FNDA:6,(anonymous_5)
FNDA:3,formatGlossaryEntry
FNDA:4,appendTerm
FNDA:2,updateGlossarySpec
FNDA:1,getAllTerms
FNDA:2,(anonymous_10)
DA:17,2
DA:18,2
DA:21,12
DA:23,12
DA:24,12
DA:25,12
DA:27,2
DA:32,13
DA:33,13
DA:35,13
DA:36,23
DA:37,3
DA:40,20
DA:41,3
DA:44,17
DA:45,4
DA:48,13
DA:50,78
DA:51,78
DA:53,13
DA:54,13
DA:63,13
DA:67,7
DA:68,7
DA:72,3
DA:76,4
DA:77,2
DA:80,2
DA:81,2
DA:83,2
DA:84,1
DA:87,2
DA:88,1
DA:89,1
DA:92,2
DA:93,2
DA:95,2
DA:99,2
DA:101,2
DA:102,2
DA:103,2
DA:105,2
DA:106,2
DA:109,2
DA:110,2
DA:111,2
DA:113,2
DA:115,0
DA:120,2
LF:49
LH:48
BRDA:36,0,0,3
BRDA:36,0,1,20
BRDA:36,1,0,23
BRDA:36,1,1,4
BRDA:40,2,0,3
BRDA:40,2,1,17
BRDA:44,3,0,4
BRDA:44,3,1,13
BRDA:53,4,0,13
BRDA:53,4,1,0
BRDA:76,5,0,2
BRDA:76,5,1,2
BRDA:83,6,0,1
BRDA:83,6,1,1
BRDA:87,7,0,1
BRDA:87,7,1,1
BRDA:105,8,0,2
BRDA:105,8,1,0
BRDA:105,9,0,2
BRDA:105,9,1,0
BRF:20
BRH:17
end_of_record
TN:
SF:index.ts
FN:117,valueToString
FN:121,resolveSessionID
FN:130,priorityRank
FN:135,stringProp
FN:140,blockerCount
FN:145,selectBestTicket
FN:146,(anonymous_6)
FN:149,(anonymous_7)
FN:151,(anonymous_8)
FN:154,(anonymous_9)
FN:156,(anonymous_10)
FN:164,continuationStateWithStatus
FN:168,createRecoveryState
FN:192,(anonymous_13)
FN:213,(anonymous_14)
FN:217,(anonymous_15)
FN:221,(anonymous_16)
FN:227,(anonymous_17)
FN:247,(anonymous_18)
FN:248,(anonymous_19)
FN:297,(anonymous_20)
FN:298,(anonymous_21)
FN:399,(anonymous_22)
FN:418,(anonymous_23)
FN:422,(anonymous_24)
FN:426,(anonymous_25)
FN:428,(anonymous_26)
FN:434,(anonymous_27)
FN:435,(anonymous_28)
FN:439,startPoller
FN:446,(anonymous_30)
FN:451,(anonymous_31)
FN:459,stopPoller
FN:470,(anonymous_33)
FN:477,(anonymous_34)
FN:511,(anonymous_35)
FN:528,(anonymous_36)
FNF:37
FNH:36
FNDA:13,valueToString
FNDA:11,resolveSessionID
FNDA:10,priorityRank
FNDA:10,stringProp
FNDA:4,blockerCount
FNDA:18,selectBestTicket
FNDA:16,(anonymous_6)
FNDA:16,(anonymous_7)
FNDA:1,(anonymous_8)
FNDA:13,(anonymous_9)
FNDA:4,(anonymous_10)
FNDA:13,continuationStateWithStatus
FNDA:43,createRecoveryState
FNDA:43,(anonymous_13)
FNDA:3,(anonymous_14)
FNDA:27,(anonymous_15)
FNDA:13,(anonymous_16)
FNDA:27,(anonymous_17)
FNDA:16,(anonymous_18)
FNDA:16,(anonymous_19)
FNDA:15,(anonymous_20)
FNDA:15,(anonymous_21)
FNDA:19,(anonymous_22)
FNDA:8,(anonymous_23)
FNDA:2,(anonymous_24)
FNDA:19,(anonymous_25)
FNDA:1,(anonymous_26)
FNDA:1,(anonymous_27)
FNDA:1,(anonymous_28)
FNDA:19,startPoller
FNDA:1,(anonymous_30)
FNDA:1,(anonymous_31)
FNDA:3,stopPoller
FNDA:11,(anonymous_33)
FNDA:0,(anonymous_34)
FNDA:3,(anonymous_35)
FNDA:1,(anonymous_36)
DA:96,8
DA:103,8
DA:104,8
DA:105,8
DA:107,8
DA:118,13
DA:122,11
DA:123,11
DA:124,11
DA:125,25
DA:127,7
DA:131,10
DA:132,10
DA:136,10
DA:137,10
DA:141,4
DA:142,4
DA:146,18
DA:147,18
DA:149,16
DA:150,11
DA:151,1
DA:154,13
DA:155,10
DA:157,4
DA:158,4
DA:160,2
DA:165,13
DA:169,43
DA:189,43
DA:190,43
DA:199,43
DA:207,43
DA:208,43
DA:209,43
DA:210,43
DA:214,3
DA:218,27
DA:222,13
DA:223,13
DA:224,13
DA:228,27
DA:229,27
DA:232,27
DA:233,27
DA:235,27
DA:236,27
DA:238,26
DA:239,26
DA:240,26
DA:241,26
DA:242,26
DA:243,26
DA:244,27
DA:245,27
DA:246,27
DA:247,27
DA:248,27
DA:249,27
DA:267,27
DA:268,6
DA:269,6
DA:276,6
DA:277,6
DA:278,1
DA:279,1
DA:281,5
DA:282,1
DA:284,4
DA:285,1
DA:287,4
DA:288,4
DA:290,20
DA:291,19
DA:293,18
DA:294,18
DA:296,10
DA:297,15
DA:298,15
DA:313,10
DA:315,8
DA:316,27
DA:317,1
DA:318,1
DA:319,1
DA:320,1
DA:323,7
DA:331,7
DA:332,7
DA:333,7
DA:338,5
DA:339,5
DA:340,5
DA:341,5
DA:342,5
DA:343,5
DA:344,5
DA:356,27
DA:357,27
DA:370,27
DA:377,27
DA:378,27
DA:380,2
DA:381,2
DA:382,2
DA:383,2
DA:384,2
DA:385,2
DA:386,1
DA:388,1
DA:390,2
DA:391,2
DA:392,2
DA:397,8
DA:400,19
DA:401,19
DA:402,19
DA:403,19
DA:404,19
DA:405,19
DA:406,19
DA:407,19
DA:412,19
DA:413,19
DA:418,8
DA:422,2
DA:424,19
DA:425,19
DA:427,19
DA:428,19
DA:429,1
DA:430,1
DA:434,1
DA:436,1
DA:440,19
DA:442,19
DA:447,1
DA:448,1
DA:452,1
DA:456,19
DA:460,3
DA:461,2
DA:462,2
DA:466,19
DA:468,19
DA:471,11
DA:472,11
DA:473,11
DA:474,11
DA:476,11
DA:477,5
DA:478,5
DA:479,5
DA:480,5
DA:481,1
DA:485,4
DA:486,1
DA:487,1
DA:492,5
DA:495,6
DA:496,1
DA:497,1
DA:500,5
DA:501,5
DA:502,5
DA:503,5
DA:504,3
DA:505,3
DA:507,5
DA:508,5
DA:512,3
DA:513,3
DA:515,2
DA:516,2
DA:517,2
DA:518,2
DA:519,3
DA:520,3
DA:521,3
DA:523,3
DA:524,1
DA:525,1
DA:529,1
DA:530,1
DA:531,1
DA:533,1
DA:534,1
DA:540,1
DA:541,1
LF:189
LH:189
BRDA:118,0,0,8
BRDA:118,0,1,5
BRDA:118,1,0,5
BRDA:118,1,1,0
BRDA:118,2,0,5
BRDA:118,2,1,0
BRDA:122,3,0,11
BRDA:122,3,1,0
BRDA:125,4,0,4
BRDA:125,4,1,21
BRDA:125,5,0,25
BRDA:125,5,1,4
BRDA:132,6,0,10
BRDA:132,6,1,4
BRDA:132,7,0,10
BRDA:132,7,1,2
BRDA:137,8,0,8
BRDA:137,8,1,2
BRDA:142,9,0,1
BRDA:142,9,1,3
BRDA:146,10,0,16
BRDA:146,10,1,16
BRDA:147,11,0,7
BRDA:147,11,1,11
BRDA:150,12,0,1
BRDA:150,12,1,10
BRDA:151,13,0,1
BRDA:151,13,1,0
BRDA:154,14,0,13
BRDA:154,14,1,2
BRDA:155,15,0,10
BRDA:155,15,1,1
BRDA:158,16,0,2
BRDA:158,16,1,2
BRDA:202,17,0,43
BRDA:202,17,1,23
BRDA:203,18,0,43
BRDA:203,18,1,22
BRDA:204,19,0,43
BRDA:204,19,1,42
BRDA:205,20,0,43
BRDA:205,20,1,43
BRDA:229,21,0,0
BRDA:229,21,1,27
BRDA:233,22,0,0
BRDA:233,22,1,27
BRDA:236,23,0,1
BRDA:236,23,1,26
BRDA:246,24,0,27
BRDA:246,24,1,8
BRDA:247,25,0,16
BRDA:247,25,1,16
BRDA:248,26,0,16
BRDA:248,26,1,2
BRDA:248,27,0,2
BRDA:248,27,1,2
BRDA:253,28,0,27
BRDA:253,28,1,26
BRDA:253,28,2,0
BRDA:267,29,0,6
BRDA:267,29,1,21
BRDA:267,30,0,27
BRDA:267,30,1,6
BRDA:268,31,0,1
BRDA:268,31,1,5
BRDA:277,32,0,1
BRDA:277,32,1,5
BRDA:281,33,0,1
BRDA:281,33,1,4
BRDA:284,34,0,1
BRDA:284,34,1,3
BRDA:288,35,0,1
BRDA:288,35,1,3
BRDA:290,36,0,1
BRDA:290,36,1,19
BRDA:291,37,0,1
BRDA:291,37,1,18
BRDA:291,38,0,19
BRDA:291,38,1,18
BRDA:294,39,0,8
BRDA:294,39,1,10
BRDA:298,40,0,15
BRDA:298,40,1,15
BRDA:313,41,0,2
BRDA:313,41,1,8
BRDA:313,42,0,2
BRDA:313,42,1,0
BRDA:316,43,0,1
BRDA:316,43,1,26
BRDA:320,44,0,1
BRDA:320,44,1,0
BRDA:351,45,0,5
BRDA:351,45,1,0
BRDA:354,46,0,27
BRDA:354,46,1,5
BRDA:361,47,0,27
BRDA:361,47,1,0
BRDA:372,48,0,27
BRDA:372,48,1,0
BRDA:374,49,0,27
BRDA:374,49,1,0
BRDA:378,50,0,27
BRDA:378,50,1,0
BRDA:385,51,0,1
BRDA:385,51,1,1
BRDA:390,52,0,0
BRDA:390,52,1,2
BRDA:392,53,0,2
BRDA:392,53,1,0
BRDA:402,54,0,19
BRDA:402,54,1,19
BRDA:410,55,0,19
BRDA:410,55,1,19
BRDA:430,56,0,1
BRDA:430,56,1,0
BRDA:440,57,0,0
BRDA:440,57,1,19
BRDA:445,58,0,19
BRDA:445,58,1,19
BRDA:447,59,0,1
BRDA:447,59,1,0
BRDA:460,60,0,2
BRDA:460,60,1,1
BRDA:476,61,0,5
BRDA:476,61,1,6
BRDA:477,62,0,5
BRDA:477,62,1,0
BRDA:480,63,0,1
BRDA:480,63,1,4
BRDA:480,64,0,5
BRDA:480,64,1,1
BRDA:485,65,0,1
BRDA:485,65,1,3
BRDA:485,66,0,4
BRDA:485,66,1,4
BRDA:495,67,0,1
BRDA:495,67,1,5
BRDA:500,68,0,5
BRDA:500,68,1,0
BRDA:502,69,0,5
BRDA:502,69,1,5
BRDA:503,70,0,3
BRDA:503,70,1,2
BRDA:503,71,0,5
BRDA:503,71,1,2
BRDA:507,72,0,1
BRDA:507,72,1,4
BRDA:507,73,0,5
BRDA:507,73,1,4
BRDA:508,74,0,1
BRDA:508,74,1,4
BRDA:508,75,0,5
BRDA:508,75,1,4
BRDA:513,76,0,1
BRDA:513,76,1,2
BRDA:518,77,0,2
BRDA:518,77,1,0
BRDA:518,78,0,2
BRDA:518,78,1,2
BRDA:519,79,0,3
BRDA:519,79,1,2
BRDA:519,79,2,2
BRDA:523,80,0,1
BRDA:523,80,1,2
BRDA:537,81,0,0
BRDA:537,81,1,1
BRDA:540,82,0,0
BRDA:540,82,1,1
BRF:168
BRH:144
end_of_record
TN:
SF:lux-overlay.ts
FN:11,statusIcon
FN:23,healthIcon
FN:30,truncate
FN:35,present
FN:73,formatStatus
FN:138,formatContextBlock
FN:161,buildToastMessage
FNF:7
FNH:7
FNDA:27,statusIcon
FNDA:9,healthIcon
FNDA:70,truncate
FNDA:78,present
FNDA:27,formatStatus
FNDA:5,formatContextBlock
FNDA:39,buildToastMessage
DA:6,9
DA:7,9
DA:12,27
DA:13,26
DA:14,21
DA:15,1
DA:16,0
DA:17,1
DA:18,0
DA:19,3
DA:24,9
DA:25,9
DA:26,2
DA:27,1
DA:31,70
DA:32,3
DA:36,78
DA:78,27
DA:79,27
DA:80,27
DA:81,27
DA:84,27
DA:85,27
DA:86,13
DA:87,13
DA:88,13
DA:89,13
DA:90,13
DA:91,6
DA:96,27
DA:97,27
DA:98,9
DA:102,27
DA:103,27
DA:104,6
DA:108,27
DA:109,27
DA:110,8
DA:111,19
DA:112,2
DA:116,27
DA:117,27
DA:118,2
DA:119,2
DA:122,27
DA:131,27
DA:139,5
DA:141,4
DA:142,5
DA:143,5
DA:144,5
DA:145,5
DA:146,5
DA:148,5
DA:154,5
DA:165,39
DA:171,39
DA:172,39
DA:173,39
LF:59
LH:57
BRDA:12,0,0,1
BRDA:12,0,1,26
BRDA:13,1,0,26
BRDA:13,1,1,1
BRDA:13,1,2,0
BRDA:13,1,3,1
BRDA:13,1,4,0
BRDA:13,1,5,3
BRDA:24,2,0,0
BRDA:24,2,1,9
BRDA:25,3,0,7
BRDA:25,3,1,2
BRDA:26,4,0,1
BRDA:26,4,1,1
BRDA:31,5,0,67
BRDA:31,5,1,3
BRDA:36,6,0,78
BRDA:36,6,1,30
BRDA:79,7,0,27
BRDA:79,7,1,14
BRDA:81,8,0,27
BRDA:81,8,1,20
BRDA:85,9,0,13
BRDA:85,9,1,14
BRDA:87,10,0,13
BRDA:87,10,1,2
BRDA:88,11,0,13
BRDA:88,11,1,7
BRDA:90,12,0,6
BRDA:90,12,1,7
BRDA:90,13,0,13
BRDA:90,13,1,7
BRDA:90,13,2,7
BRDA:97,14,0,9
BRDA:97,14,1,18
BRDA:103,15,0,6
BRDA:103,15,1,21
BRDA:109,16,0,8
BRDA:109,16,1,19
BRDA:109,17,0,27
BRDA:109,17,1,10
BRDA:111,18,0,2
BRDA:111,18,1,17
BRDA:117,19,0,2
BRDA:117,19,1,25
BRDA:117,20,0,27
BRDA:117,20,1,26
BRDA:117,20,2,26
BRDA:119,21,0,1
BRDA:119,21,1,1
BRDA:124,22,0,27
BRDA:124,22,1,1
BRDA:124,23,0,1
BRDA:124,23,1,26
BRDA:125,24,0,10
BRDA:125,24,1,17
BRDA:126,25,0,27
BRDA:126,25,1,0
BRDA:127,26,0,2
BRDA:127,26,1,25
BRDA:139,27,0,1
BRDA:139,27,1,4
BRDA:142,28,0,5
BRDA:142,28,1,1
BRDA:144,29,0,5
BRDA:144,29,1,1
BRDA:145,30,0,5
BRDA:145,30,1,1
BRDA:151,31,0,2
BRDA:151,31,1,2
BRDA:171,32,0,39
BRDA:171,32,1,0
BRF:72
BRH:67
end_of_record
TN:
SF:next-action-generator.ts
FN:36,calculateConfidence
FN:54,determineReason
FN:62,allDoneMessage
FN:70,maxContinuationsMessage
FN:74,generateNextAction
FNF:5
FNH:5
FNDA:11,calculateConfidence
FNDA:11,determineReason
FNDA:1,allDoneMessage
FNDA:1,maxContinuationsMessage
FNDA:14,generateNextAction
DA:43,11
DA:45,11
DA:46,11
DA:47,11
DA:48,11
DA:49,11
DA:51,11
DA:55,11
DA:56,9
DA:57,8
DA:58,3
DA:59,0
DA:63,1
DA:71,1
DA:76,14
DA:79,14
DA:80,1
DA:89,13
DA:90,1
DA:99,12
DA:100,1
DA:109,11
DA:112,11
DA:115,11
DA:116,7
DA:117,7
DA:118,15
DA:119,15
DA:124,11
DA:125,11
DA:126,1
DA:130,11
DA:133,11
DA:134,2
DA:138,11
DA:139,11
DA:140,7
DA:141,4
DA:142,1
DA:146,11
DA:148,11
DA:150,11
LF:42
LH:41
BRDA:45,0,0,7
BRDA:45,0,1,4
BRDA:46,1,0,2
BRDA:46,1,1,9
BRDA:47,2,0,9
BRDA:47,2,1,2
BRDA:47,3,0,11
BRDA:47,3,1,8
BRDA:48,4,0,9
BRDA:48,4,1,2
BRDA:49,5,0,10
BRDA:49,5,1,1
BRDA:55,6,0,2
BRDA:55,6,1,9
BRDA:55,7,0,11
BRDA:55,7,1,3
BRDA:56,8,0,1
BRDA:56,8,1,8
BRDA:57,9,0,5
BRDA:57,9,1,3
BRDA:58,10,0,3
BRDA:58,10,1,0
BRDA:79,11,0,1
BRDA:79,11,1,13
BRDA:79,12,0,14
BRDA:79,12,1,2
BRDA:89,13,0,1
BRDA:89,13,1,12
BRDA:99,14,0,1
BRDA:99,14,1,11
BRDA:115,15,0,7
BRDA:115,15,1,4
BRDA:119,16,0,15
BRDA:119,16,1,5
BRDA:119,17,0,1
BRDA:119,17,1,14
BRDA:125,18,0,1
BRDA:125,18,1,10
BRDA:125,19,0,11
BRDA:125,19,1,1
BRDA:133,20,0,2
BRDA:133,20,1,9
BRDA:133,21,0,11
BRDA:133,21,1,3
BRDA:134,22,0,2
BRDA:134,22,1,1
BRDA:139,23,0,7
BRDA:139,23,1,4
BRDA:140,24,0,7
BRDA:140,24,1,5
BRDA:141,25,0,1
BRDA:141,25,1,3
BRF:52
BRH:51
end_of_record
TN:
SF:progress-poller.ts
FN:79,isRecord
FN:83,asError
FN:87,delay
FN:88,(anonymous_3)
FN:96,(anonymous_4)
FN:106,normalizeGatewayUrl
FN:110,ticketKey
FN:114,ticketStatus
FN:118,ticketTitle
FN:122,ticketArray
FN:124,(anonymous_10)
FN:127,ticketsFromSummary
FN:140,statusCounts
FN:155,normalizeCounts
FN:165,computeTicketChanges
FN:200,computeProgressDelta
FN:217,hasMeaningfulChange
FN:221,createProgressPoller
FN:227,(anonymous_18)
FN:237,buildUrl
FN:241,fetchSummary
FN:252,computeDiff
FN:262,nextInterval
FN:270,clearTimer
FN:277,scheduleNext
FN:281,(anonymous_25)
FN:286,poll
FN:324,start
FN:335,stop
FNF:29
FNH:28
FNDA:36,isRecord
FNDA:35,asError
FNDA:12,delay
FNDA:12,(anonymous_3)
FNDA:1,(anonymous_4)
FNDA:34,normalizeGatewayUrl
FNDA:2,ticketKey
FNDA:8,ticketStatus
FNDA:1,ticketTitle
FNDA:26,ticketArray
FNDA:8,(anonymous_10)
FNDA:13,ticketsFromSummary
FNDA:15,statusCounts
FNDA:7,normalizeCounts
FNDA:12,computeTicketChanges
FNDA:12,computeProgressDelta
FNDA:12,hasMeaningfulChange
FNDA:20,createProgressPoller
FNDA:0,(anonymous_18)
FNDA:34,buildUrl
FNDA:34,fetchSummary
FNDA:12,computeDiff
FNDA:7,nextInterval
FNDA:24,clearTimer
FNDA:19,scheduleNext
FNDA:5,(anonymous_25)
FNDA:27,poll
FNDA:13,start
FNDA:5,stop
DA:75,8
DA:76,8
DA:77,8
DA:80,36
DA:84,35
DA:88,12
DA:89,12
DA:90,1
DA:91,1
DA:94,11
DA:95,11
DA:98,1
DA:99,1
DA:107,34
DA:111,2
DA:115,8
DA:119,1
DA:123,26
DA:124,9
DA:128,13
DA:129,13
DA:131,13
DA:132,13
DA:134,7
DA:135,7
DA:137,6
DA:141,15
DA:142,15
DA:144,14
DA:145,14
DA:147,7
DA:148,7
DA:149,6
DA:150,6
DA:152,7
DA:156,7
DA:157,7
DA:158,10
DA:159,8
DA:162,7
DA:169,12
DA:171,3
DA:172,3
DA:173,1
DA:174,1
DA:177,3
DA:178,3
DA:179,1
DA:180,1
DA:182,1
DA:183,1
DA:185,1
DA:186,1
DA:187,1
DA:189,1
DA:197,3
DA:204,12
DA:205,12
DA:206,12
DA:207,12
DA:209,12
DA:210,12
DA:211,12
DA:214,12
DA:218,12
DA:228,20
DA:230,20
DA:231,20
DA:232,20
DA:233,20
DA:234,20
DA:235,20
DA:238,34
DA:242,34
DA:243,34
DA:244,15
DA:245,12
DA:248,17
DA:253,12
DA:263,7
DA:265,1
DA:266,1
DA:267,1
DA:271,24
DA:272,3
DA:273,3
DA:278,19
DA:279,19
DA:281,7
DA:282,5
DA:287,27
DA:288,27
DA:290,25
DA:291,25
DA:293,25
DA:294,34
DA:295,34
DA:296,12
DA:297,12
DA:298,12
DA:300,12
DA:301,12
DA:303,17
DA:304,17
DA:306,15
DA:307,15
DA:309,15
DA:310,12
DA:315,2
DA:317,1
DA:319,19
DA:320,19
DA:325,13
DA:327,13
DA:328,1
DA:331,13
DA:332,13
DA:336,5
DA:337,5
DA:338,5
DA:341,20
LF:121
LH:121
BRDA:80,0,0,36
BRDA:80,0,1,15
BRDA:84,1,0,35
BRDA:84,1,1,0
BRDA:89,2,0,1
BRDA:89,2,1,11
BRDA:111,3,0,2
BRDA:111,3,1,0
BRDA:111,4,0,2
BRDA:111,4,1,2
BRDA:115,5,0,8
BRDA:115,5,1,0
BRDA:115,6,0,8
BRDA:115,6,1,8
BRDA:119,7,0,1
BRDA:119,7,1,0
BRDA:123,8,0,17
BRDA:123,8,1,9
BRDA:129,9,0,0
BRDA:129,9,1,13
BRDA:132,10,0,6
BRDA:132,10,1,7
BRDA:135,11,0,1
BRDA:135,11,1,6
BRDA:142,12,0,1
BRDA:142,12,1,14
BRDA:144,13,0,0
BRDA:144,13,1,14
BRDA:145,14,0,7
BRDA:145,14,1,7
BRDA:150,15,0,6
BRDA:150,15,1,6
BRDA:158,16,0,8
BRDA:158,16,1,2
BRDA:158,17,0,10
BRDA:158,17,1,10
BRDA:169,18,0,9
BRDA:169,18,1,3
BRDA:174,19,0,1
BRDA:174,19,1,0
BRDA:180,20,0,0
BRDA:180,20,1,1
BRDA:183,21,0,0
BRDA:183,21,1,1
BRDA:187,22,0,0
BRDA:187,22,1,1
BRDA:191,23,0,1
BRDA:191,23,1,0
BRDA:204,24,0,3
BRDA:204,24,1,9
BRDA:210,25,0,12
BRDA:210,25,1,1
BRDA:210,26,0,12
BRDA:210,26,1,9
BRDA:211,27,0,11
BRDA:211,27,1,1
BRDA:218,28,0,12
BRDA:218,28,1,3
BRDA:218,28,2,2
BRDA:225,29,0,20
BRDA:227,30,0,0
BRDA:244,31,0,0
BRDA:244,31,1,15
BRDA:263,32,0,6
BRDA:263,32,1,1
BRDA:271,33,0,3
BRDA:271,33,1,21
BRDA:279,34,0,12
BRDA:279,34,1,7
BRDA:279,35,0,19
BRDA:279,35,1,7
BRDA:288,36,0,2
BRDA:288,36,1,25
BRDA:288,37,0,27
BRDA:288,37,1,26
BRDA:300,38,0,11
BRDA:300,38,1,1
BRDA:304,39,0,2
BRDA:304,39,1,15
BRDA:309,40,0,12
BRDA:309,40,1,3
BRDA:315,41,0,2
BRDA:315,41,1,0
BRDA:317,42,0,1
BRDA:317,42,1,0
BRDA:325,43,0,0
BRDA:325,43,1,13
BRDA:327,44,0,1
BRDA:327,44,1,12
BRF:89
BRH:73
end_of_record
TN:
SF:prompt-builder.ts
FN:14,formatAcceptanceCriteria
FN:17,(anonymous_1)
FN:19,(anonymous_2)
FN:26,(anonymous_3)
FN:29,buildContinuationPrompt
FN:32,(anonymous_5)
FN:52,(anonymous_6)
FNF:7
FNH:7
FNDA:11,formatAcceptanceCriteria
FNDA:15,(anonymous_1)
FNDA:102,(anonymous_2)
FNDA:117,(anonymous_3)
FNDA:11,buildContinuationPrompt
FNDA:21,(anonymous_5)
FNDA:132,(anonymous_6)
DA:15,11
DA:16,11
DA:17,15
DA:19,102
DA:22,11
DA:23,2
DA:26,117
DA:30,11
DA:32,21
DA:33,11
DA:35,11
DA:39,11
DA:52,132
DA:54,11
DA:55,1
DA:58,10
LF:16
LH:16
BRDA:16,0,0,8
BRDA:16,0,1,3
BRDA:17,1,0,15
BRDA:17,1,1,15
BRDA:18,2,0,2
BRDA:18,2,1,1
BRDA:18,3,0,3
BRDA:18,3,1,2
BRDA:22,4,0,2
BRDA:22,4,1,9
BRDA:35,5,0,2
BRDA:35,5,1,9
BRDA:36,6,0,1
BRDA:36,6,1,1
BRDA:42,7,0,11
BRDA:42,7,1,1
BRDA:42,8,0,11
BRDA:42,8,1,2
BRDA:42,9,0,11
BRDA:42,9,1,2
BRDA:54,10,0,1
BRDA:54,10,1,10
BRF:22
BRH:22
end_of_record
TN:
SF:session-end-detector.ts
FN:45,defaultContinuationState
FN:61,isRecord
FN:65,valueToString
FN:69,normalizeStatus
FN:73,resolveStatus
FN:87,resolveReason
FN:91,resolveProjectPath
FN:100,summarizeActiveTickets
FN:102,(anonymous_8)
FN:106,(anonymous_9)
FN:113,buildSessionEndContext
FN:154,shouldAutoResume
FN:164,formatSessionEndSummary
FN:181,manualResume
FN:195,normalizeSetupOptions
FN:208,setupSessionEndDetection
FN:217,processingActive
FN:221,dispatch
FN:232,queueResume
FN:238,handleSessionEnd
FN:258,(anonymous_20)
FN:264,(anonymous_21)
FN:271,(anonymous_22)
FN:276,(anonymous_23)
FN:280,(anonymous_24)
FNF:25
FNH:25
FNDA:1,defaultContinuationState
FNDA:17,isRecord
FNDA:23,valueToString
FNDA:7,normalizeStatus
FNDA:10,resolveStatus
FNDA:7,resolveReason
FNDA:7,resolveProjectPath
FNDA:7,summarizeActiveTickets
FNDA:7,(anonymous_8)
FNDA:7,(anonymous_9)
FNDA:8,buildSessionEndContext
FNDA:14,shouldAutoResume
FNDA:10,formatSessionEndSummary
FNDA:2,manualResume
FNDA:15,normalizeSetupOptions
FNDA:15,setupSessionEndDetection
FNDA:12,processingActive
FNDA:8,dispatch
FNDA:2,queueResume
FNDA:10,handleSessionEnd
FNDA:1,(anonymous_20)
FNDA:2,(anonymous_21)
FNDA:3,(anonymous_22)
FNDA:3,(anonymous_23)
FNDA:1,(anonymous_24)
DA:41,8
DA:42,8
DA:43,8
DA:46,1
DA:62,17
DA:66,23
DA:70,7
DA:74,10
DA:75,10
DA:76,10
DA:78,10
DA:79,10
DA:80,16
DA:83,3
DA:84,10
DA:88,7
DA:92,7
DA:93,7
DA:94,7
DA:95,41
DA:97,6
DA:101,7
DA:103,7
DA:104,7
DA:106,7
DA:117,8
DA:118,1
DA:132,7
DA:137,7
DA:138,7
DA:140,7
DA:159,14
DA:160,13
DA:161,11
DA:165,10
DA:171,10
DA:172,9
DA:173,9
DA:174,11
DA:178,10
DA:182,2
DA:188,2
DA:189,1
DA:192,2
DA:196,15
DA:197,14
DA:212,15
DA:213,15
DA:214,15
DA:215,15
DA:218,12
DA:222,8
DA:223,8
DA:224,1
DA:225,1
DA:228,7
DA:229,7
DA:233,2
DA:234,2
DA:235,2
DA:239,10
DA:240,10
DA:242,7
DA:243,7
DA:244,7
DA:246,7
DA:247,1
DA:248,1
DA:251,6
DA:254,15
DA:255,15
DA:257,15
DA:259,1
DA:260,1
DA:261,1
DA:262,1
DA:265,2
DA:266,1
DA:267,1
DA:269,1
DA:272,3
DA:273,1
DA:274,1
DA:277,3
DA:278,3
DA:281,1
DA:285,15
LF:87
LH:87
BRDA:62,0,0,17
BRDA:62,0,1,4
BRDA:66,1,0,15
BRDA:66,1,1,8
BRDA:66,2,0,8
BRDA:66,2,1,0
BRDA:66,3,0,8
BRDA:66,3,1,0
BRDA:74,4,0,2
BRDA:74,4,1,8
BRDA:76,5,0,10
BRDA:76,5,1,6
BRDA:78,6,0,9
BRDA:78,6,1,1
BRDA:80,7,0,7
BRDA:80,7,1,9
BRDA:80,8,0,16
BRDA:80,8,1,11
BRDA:80,8,2,10
BRDA:83,9,0,3
BRDA:83,9,1,3
BRDA:83,9,2,2
BRDA:84,10,0,1
BRDA:84,10,1,2
BRDA:88,11,0,2
BRDA:88,11,1,5
BRDA:92,12,0,2
BRDA:92,12,1,5
BRDA:95,13,0,1
BRDA:95,13,1,40
BRDA:95,14,0,41
BRDA:95,14,1,1
BRDA:104,15,0,7
BRDA:104,15,1,0
BRDA:107,16,0,7
BRDA:107,16,1,0
BRDA:108,17,0,7
BRDA:108,17,1,6
BRDA:117,18,0,1
BRDA:117,18,1,7
BRDA:159,19,0,1
BRDA:159,19,1,13
BRDA:160,20,0,2
BRDA:160,20,1,11
BRDA:171,21,0,9
BRDA:171,21,1,1
BRDA:188,22,0,1
BRDA:188,22,1,1
BRDA:188,23,0,2
BRDA:188,23,1,2
BRDA:196,24,0,1
BRDA:196,24,1,14
BRDA:213,25,0,15
BRDA:213,25,1,2
BRDA:218,26,0,12
BRDA:218,26,1,11
BRDA:223,27,0,1
BRDA:223,27,1,7
BRDA:240,28,0,3
BRDA:240,28,1,7
BRDA:240,29,0,10
BRDA:240,29,1,8
BRDA:244,30,0,6
BRDA:244,30,1,1
BRDA:246,31,0,1
BRDA:246,31,1,6
BRDA:255,32,0,6
BRDA:255,32,1,9
BRDA:260,33,0,1
BRDA:260,33,1,0
BRDA:265,34,0,1
BRDA:265,34,1,1
BRDA:272,35,0,2
BRDA:272,35,1,1
BRDA:272,36,0,3
BRDA:272,36,1,3
BRDA:272,36,2,1
BRDA:278,37,0,2
BRDA:278,37,1,1
BRF:79
BRH:74
end_of_record
TN:
SF:session-state.ts
FN:20,createState
FN:37,getState
FN:47,resetState
FN:51,updateState
FNF:4
FNH:4
FNDA:30,createState
FNDA:71,getState
FNDA:35,resetState
FNDA:4,updateState
DA:18,8
DA:21,30
DA:38,71
DA:39,71
DA:41,30
DA:42,30
DA:44,71
DA:48,35
DA:52,4
DA:53,4
DA:54,6
DA:55,5
DA:58,4
LF:13
LH:13
BRDA:39,0,0,30
BRDA:39,0,1,41
BRDA:54,1,0,5
BRDA:54,1,1,1
BRF:4
BRH:4
end_of_record
TN:
SF:spec-evaluator.ts
FN:20,loadSpec
FN:31,readUnityPackages
FN:36,(anonymous_2)
FN:47,readUnityVersion
FN:58,hasAllRequiredPackages
FN:59,(anonymous_5)
FN:60,(anonymous_6)
FN:60,(anonymous_7)
FN:64,evaluateSpec
FN:153,getNextQuestion
FNF:10
FNH:10
FNDA:11,loadSpec
FNDA:9,readUnityPackages
FNDA:4,(anonymous_2)
FNDA:5,readUnityVersion
FNDA:5,hasAllRequiredPackages
FNDA:2,(anonymous_5)
FNDA:5,(anonymous_6)
FNDA:3,(anonymous_7)
FNDA:8,evaluateSpec
FNDA:2,getNextQuestion
DA:9,4
DA:21,11
DA:22,11
DA:23,11
DA:24,11
DA:26,4
DA:32,9
DA:33,9
DA:34,9
DA:35,9
DA:36,9
DA:42,5
DA:48,5
DA:49,5
DA:50,5
DA:51,5
DA:52,5
DA:54,1
DA:59,5
DA:60,5
DA:65,8
DA:67,8
DA:69,2
DA:77,6
DA:78,6
DA:79,6
DA:82,6
DA:83,6
DA:84,2
DA:85,2
DA:86,2
DA:88,0
DA:91,4
DA:95,6
DA:96,6
DA:97,5
DA:99,1
DA:103,6
DA:104,6
DA:105,6
DA:106,5
DA:107,5
DA:108,2
DA:110,3
DA:113,1
DA:117,6
DA:118,6
DA:119,5
DA:121,1
DA:125,6
DA:126,42
DA:127,42
DA:128,42
DA:129,35
DA:134,6
DA:135,6
DA:136,5
DA:139,6
DA:140,8
DA:141,8
DA:142,8
DA:144,8
DA:154,2
DA:155,2
DA:156,1
LF:65
LH:64
BRDA:36,0,0,9
BRDA:36,0,1,0
BRDA:52,1,0,3
BRDA:52,1,1,1
BRDA:67,2,0,2
BRDA:67,2,1,6
BRDA:83,3,0,2
BRDA:83,3,1,4
BRDA:85,4,0,2
BRDA:85,4,1,0
BRDA:96,5,0,5
BRDA:96,5,1,1
BRDA:96,6,0,6
BRDA:96,6,1,5
BRDA:105,7,0,5
BRDA:105,7,1,1
BRDA:105,8,0,6
BRDA:105,8,1,5
BRDA:107,9,0,2
BRDA:107,9,1,3
BRDA:118,10,0,5
BRDA:118,10,1,1
BRDA:128,11,0,35
BRDA:128,11,1,7
BRDA:128,12,0,42
BRDA:128,12,1,42
BRDA:135,13,0,5
BRDA:135,13,1,1
BRDA:135,14,0,6
BRDA:135,14,1,6
BRDA:139,15,0,6
BRDA:139,15,1,0
BRDA:140,16,0,4
BRDA:140,16,1,2
BRDA:141,17,0,8
BRDA:141,17,1,4
BRDA:145,18,0,2
BRDA:145,18,1,4
BRDA:155,19,0,1
BRDA:155,19,1,1
BRF:40
BRH:37
end_of_record
TN:
SF:stagnation-detection.ts
FN:25,incompleteTicketCount
FN:26,(anonymous_1)
FN:29,sessionWithZeroProgress
FN:33,getZeroProgressCycles
FN:37,setZeroProgressCycles
FN:41,getBuildFailureStreak
FN:60,getStagnationReasons
FN:97,logStagnationReasons
FN:119,trackProgress
FN:164,getStagnationDetails
FN:176,shouldStopForStagnation
FNF:11
FNH:11
FNDA:11,incompleteTicketCount
FNDA:7,(anonymous_1)
FNDA:36,sessionWithZeroProgress
FNDA:36,getZeroProgressCycles
FNDA:20,setZeroProgressCycles
FNDA:19,getBuildFailureStreak
FNDA:19,getStagnationReasons
FNDA:7,logStagnationReasons
FNDA:11,trackProgress
FNDA:19,getStagnationDetails
FNDA:7,shouldStopForStagnation
DA:5,5
DA:6,5
DA:7,5
DA:8,5
DA:26,11
DA:30,36
DA:34,36
DA:38,20
DA:42,19
DA:44,9
DA:45,9
DA:47,9
DA:48,9
DA:49,9
DA:50,8
DA:51,8
DA:54,1
DA:57,9
DA:65,19
DA:66,19
DA:67,19
DA:69,19
DA:70,4
DA:73,19
DA:74,19
DA:75,5
DA:78,19
DA:79,19
DA:80,2
DA:83,19
DA:84,5
DA:87,19
DA:98,7
DA:100,6
DA:101,6
DA:102,1
DA:103,5
DA:104,2
DA:107,3
DA:108,1
DA:111,2
DA:112,2
DA:125,11
DA:126,11
DA:127,11
DA:128,11
DA:129,11
DA:130,11
DA:132,11
DA:133,3
DA:134,3
DA:135,3
DA:136,8
DA:137,6
DA:138,6
DA:139,6
DA:142,11
DA:143,2
DA:144,2
DA:146,2
DA:147,5
DA:148,5
DA:149,4
DA:150,4
DA:153,1
DA:156,2
DA:159,11
DA:160,11
DA:161,11
DA:169,19
DA:170,2
DA:173,17
DA:182,7
DA:185,7
DA:186,7
LF:75
LH:75
BRDA:34,0,0,36
BRDA:34,0,1,16
BRDA:42,1,0,10
BRDA:42,1,1,9
BRDA:49,2,0,8
BRDA:49,2,1,1
BRDA:49,3,0,9
BRDA:49,3,1,8
BRDA:63,4,0,19
BRDA:69,5,0,4
BRDA:69,5,1,15
BRDA:74,6,0,5
BRDA:74,6,1,14
BRDA:74,7,0,19
BRDA:74,7,1,9
BRDA:79,8,0,2
BRDA:79,8,1,17
BRDA:83,9,0,5
BRDA:83,9,1,14
BRDA:98,10,0,1
BRDA:98,10,1,6
BRDA:101,11,0,1
BRDA:101,11,1,5
BRDA:103,12,0,2
BRDA:103,12,1,3
BRDA:105,13,0,2
BRDA:105,13,1,0
BRDA:107,14,0,1
BRDA:107,14,1,2
BRDA:109,15,0,1
BRDA:109,15,1,0
BRDA:111,16,0,2
BRDA:111,16,1,0
BRDA:128,17,0,11
BRDA:128,17,1,6
BRDA:129,18,0,11
BRDA:129,18,1,6
BRDA:130,19,0,11
BRDA:130,19,1,9
BRDA:132,20,0,3
BRDA:132,20,1,8
BRDA:136,21,0,6
BRDA:136,21,1,2
BRDA:142,22,0,2
BRDA:142,22,1,9
BRDA:148,23,0,4
BRDA:148,23,1,1
BRDA:148,24,0,5
BRDA:148,24,1,4
BRDA:167,25,0,19
BRDA:169,26,0,2
BRDA:169,26,1,17
BRDA:182,27,0,0
BRDA:182,27,1,7
BRF:54
BRH:50
end_of_record
TN:
SF:stop-evaluator.ts
FN:53,resolveConfig
FN:60,stopDecision
FN:68,noStopDecision
FN:79,evaluateMaxContinuationsStop
FN:89,evaluateUserAbortStop
FN:98,evaluateStagnationStop
FN:105,evaluateHealthCriticalStop
FN:118,evaluateAllCompleteStop
FN:125,evaluateAmbiguityTooHighStop
FN:138,evaluateConsecutiveStateErrorStop
FN:147,evaluateStopConditions
FN:162,getStopReasonMessage
FNF:12
FNH:12
FNDA:16,resolveConfig
FNDA:18,stopDecision
FNDA:1,noStopDecision
FNDA:10,evaluateMaxContinuationsStop
FNDA:9,evaluateUserAbortStop
FNDA:6,evaluateStagnationStop
FNDA:9,evaluateHealthCriticalStop
FNDA:7,evaluateAllCompleteStop
FNDA:5,evaluateAmbiguityTooHighStop
FNDA:8,evaluateConsecutiveStateErrorStop
FNDA:7,evaluateStopConditions
FNDA:9,getStopReasonMessage
DA:26,5
DA:54,16
DA:61,18
DA:69,1
DA:83,10
DA:90,9
DA:99,6
DA:110,9
DA:119,7
DA:130,5
DA:142,8
DA:148,7
DA:150,7
DA:168,9
DA:170,9
DA:172,1
DA:174,2
DA:176,1
DA:178,2
DA:180,1
DA:182,1
DA:184,1
LF:22
LH:22
BRDA:83,0,0,3
BRDA:83,0,1,7
BRDA:90,1,0,2
BRDA:90,1,1,7
BRDA:90,2,0,9
BRDA:90,2,1,8
BRDA:99,3,0,2
BRDA:99,3,1,4
BRDA:110,4,0,3
BRDA:110,4,1,6
BRDA:110,5,0,9
BRDA:110,5,1,4
BRDA:110,5,2,3
BRDA:119,6,0,4
BRDA:119,6,1,3
BRDA:130,7,0,3
BRDA:130,7,1,2
BRDA:130,8,0,5
BRDA:130,8,1,4
BRDA:142,9,0,1
BRDA:142,9,1,7
BRDA:142,10,0,8
BRDA:142,10,1,2
BRDA:151,11,0,7
BRDA:151,11,1,6
BRDA:151,11,2,6
BRDA:151,11,3,6
BRDA:151,11,4,5
BRDA:151,11,5,4
BRDA:151,11,6,2
BRDA:151,11,7,1
BRDA:170,12,0,1
BRDA:170,12,1,2
BRDA:170,12,2,1
BRDA:170,12,3,2
BRDA:170,12,4,1
BRDA:170,12,5,1
BRDA:170,12,6,1
BRDA:174,13,0,2
BRDA:174,13,1,2
BRDA:176,14,0,1
BRDA:176,14,1,0
BRDA:178,15,0,2
BRDA:178,15,1,1
BRF:44
BRH:43
end_of_record
TN:
SF:ticket-loader.ts
FN:38,invalidateCache
FN:44,setCacheTtl
FN:48,isRecord
FN:52,normalizeStatus
FN:58,normalizeTicket
FN:62,(anonymous_5)
FN:73,countByStatus
FN:81,getActiveTickets
FN:82,(anonymous_8)
FN:85,loadTickets
FN:116,(anonymous_10)
FN:125,getTicketById
FN:127,(anonymous_12)
FNF:13
FNH:13
FNDA:15,invalidateCache
FNDA:15,setCacheTtl
FNDA:11,isRecord
FNDA:21,normalizeStatus
FNDA:11,normalizeTicket
FNDA:1,(anonymous_5)
FNDA:13,countByStatus
FNDA:12,getActiveTickets
FNDA:16,(anonymous_8)
FNDA:12,loadTickets
FNDA:11,(anonymous_10)
FNDA:2,getTicketById
FNDA:2,(anonymous_12)
DA:23,3
DA:24,3
DA:25,3
DA:26,3
DA:28,3
DA:39,15
DA:40,15
DA:41,15
DA:45,15
DA:49,11
DA:53,21
DA:54,21
DA:55,21
DA:59,11
DA:61,11
DA:62,11
DA:63,11
DA:65,11
DA:74,13
DA:75,13
DA:76,15
DA:78,13
DA:82,16
DA:86,12
DA:87,12
DA:88,1
DA:91,11
DA:94,11
DA:95,11
DA:97,1
DA:100,11
DA:101,11
DA:102,13
DA:104,12
DA:105,12
DA:106,12
DA:107,12
DA:109,1
DA:110,1
DA:114,11
DA:115,11
DA:116,11
DA:118,11
DA:119,11
DA:120,11
DA:121,11
DA:122,11
DA:126,2
DA:127,2
LF:49
LH:49
BRDA:49,0,0,11
BRDA:49,0,1,11
BRDA:55,1,0,21
BRDA:55,1,1,2
BRDA:55,1,2,1
BRDA:59,2,0,0
BRDA:59,2,1,11
BRDA:61,3,0,11
BRDA:61,3,1,0
BRDA:61,4,0,11
BRDA:61,4,1,11
BRDA:62,5,0,1
BRDA:62,5,1,10
BRDA:63,6,0,1
BRDA:63,6,1,10
BRDA:63,7,0,11
BRDA:63,7,1,1
BRDA:76,8,0,15
BRDA:76,8,1,14
BRDA:82,9,0,16
BRDA:82,9,1,5
BRDA:82,9,2,12
BRDA:87,10,0,1
BRDA:87,10,1,11
BRDA:87,11,0,12
BRDA:87,11,1,3
BRDA:87,11,2,3
BRDA:102,12,0,1
BRDA:102,12,1,12
BRDA:107,13,0,11
BRDA:107,13,1,1
BRDA:127,14,0,2
BRDA:127,14,1,1
BRF:33
BRH:31
end_of_record
TN:
SF:types.ts
FNF:0
FNH:0
LF:0
LH:0
BRF:0
BRH:0
end_of_record
